09/01 21:00:17  INFO           ror1::setup::log_helper.91:  PROGRAM START
09/01 21:00:17  INFO           ror1::setup::log_helper.92:  
09/01 21:00:17  INFO           ror1::setup::log_helper.93:  ************************************
09/01 21:00:17  INFO           ror1::setup::log_helper.94:  
09/01 21:00:17  INFO           ror1::setup::log_helper.95:  data_folder: 
09/01 21:00:17  INFO           ror1::setup::log_helper.96:  log_folder: 
09/01 21:00:17  INFO           ror1::setup::log_helper.97:  output_folder: 
09/01 21:00:17  INFO           ror1::setup::log_helper.98:  source_file_name: 
09/01 21:00:17  INFO           ror1::setup::log_helper.99:  output_file_name: 
09/01 21:00:17  INFO          ror1::setup::log_helper.100:  data_version: 
09/01 21:00:17  INFO          ror1::setup::log_helper.101:  data_date: 1900-01-01
09/01 21:00:17  INFO          ror1::setup::log_helper.102:  create look up tables: true
09/01 21:00:17  INFO          ror1::setup::log_helper.103:  create summary tables: true
09/01 21:00:17  INFO          ror1::setup::log_helper.104:  import_ror: false
09/01 21:00:17  INFO          ror1::setup::log_helper.105:  process_data: false
09/01 21:00:17  INFO          ror1::setup::log_helper.106:  report_data: false
09/01 21:00:17  INFO          ror1::setup::log_helper.107:  
09/01 21:00:17  INFO          ror1::setup::log_helper.108:  ************************************
09/01 21:00:17  INFO          ror1::setup::log_helper.109:  
09/01 21:00:17  INFO                   ror1::transform.29:  Tables created for lup schema
09/01 21:00:17  INFO                   ror1::transform.33:  Data added to lup tables
09/01 21:00:17  INFO                   ror1::transform.42:  Tables created for smm schema
