27/01 18:30:46  INFO              ror1::setup::log_helper.91:  PROGRAM START
27/01 18:30:46  INFO              ror1::setup::log_helper.92:  
27/01 18:30:46  INFO              ror1::setup::log_helper.93:  ************************************
27/01 18:30:46  INFO              ror1::setup::log_helper.94:  
27/01 18:30:46  INFO              ror1::setup::log_helper.95:  data_folder: 
27/01 18:30:46  INFO              ror1::setup::log_helper.96:  log_folder: 
27/01 18:30:46  INFO              ror1::setup::log_helper.97:  output_folder: 
27/01 18:30:46  INFO              ror1::setup::log_helper.98:  source_file_name: 
27/01 18:30:46  INFO              ror1::setup::log_helper.99:  output_file_name: 
27/01 18:30:46  INFO             ror1::setup::log_helper.100:  data_version: 
27/01 18:30:46  INFO             ror1::setup::log_helper.101:  data_date: 
27/01 18:30:46  INFO             ror1::setup::log_helper.102:  create look up tables: true
27/01 18:30:46  INFO             ror1::setup::log_helper.103:  create summary tables: true
27/01 18:30:46  INFO             ror1::setup::log_helper.104:  import_ror: false
27/01 18:30:46  INFO             ror1::setup::log_helper.105:  process_data: false
27/01 18:30:46  INFO             ror1::setup::log_helper.106:  export_text: false
27/01 18:30:46  INFO             ror1::setup::log_helper.107:  export_csv: false
27/01 18:30:46  INFO             ror1::setup::log_helper.108:  
27/01 18:30:46  INFO             ror1::setup::log_helper.109:  ************************************
27/01 18:30:46  INFO             ror1::setup::log_helper.110:  
27/01 18:30:46  INFO                         ror1::setup.267:  Tables created for lup schema
27/01 18:30:46  INFO                         ror1::setup.274:  Data added to lup tables
27/01 18:30:46  INFO                      ror1::summarise.13:  Tables created for smm schema
